<?xml version="1.0" encoding="UTF-8"?>
<!-- Generated by org.testng.reporters.JUnitReportReporter -->
<testsuite name="API.API.oAuthDemo" tests="1" time="2.076" ignored="0" failures="0" timestamp="23 Feb 2020 04:34:20 GMT" skipped="0" hostname="del1-lmac-n01798.local" errors="0">
  <testcase name="Test1" time="2.076" classname="API.API.oAuthDemo"/>
</testsuite> <!-- API.API.oAuthDemo -->
