<?xml version="1.0" encoding="UTF-8"?>
<!-- Generated by org.testng.reporters.JUnitReportReporter -->
<testsuite skipped="0" hostname="DEL1-LHP-N65027" name="API.API.GetMethod" tests="1" failures="0" timestamp="2019-09-28T13:29:28 IST" time="4.236" errors="0">
  <testcase name="getRequestFindCapital" time="4.236" classname="API.API.GetMethod"/>
</testsuite> <!-- API.API.GetMethod -->
