<?xml version="1.0" encoding="UTF-8"?>
<!-- Generated by org.testng.reporters.JUnitReportReporter -->
<testsuite name="API.API.Put_Post_Delete" tests="1" time="1.240" ignored="0" failures="0" timestamp="22 Feb 2020 02:28:23 GMT" skipped="0" hostname="del1-lmac-n01798" errors="0">
  <testcase name="post" time="1.240" classname="API.API.Put_Post_Delete"/>
</testsuite> <!-- API.API.Put_Post_Delete -->
