<?xml version="1.0" encoding="UTF-8"?>
<!-- Generated by org.testng.reporters.JUnitReportReporter -->
<testsuite skipped="0" hostname="DEL1-LHP-N65027" name="API.API.DeleteMethod" tests="1" failures="0" timestamp="2019-09-29T11:14:04 IST" time="2.748" errors="0">
  <testcase name="setBaseUri" time="2.748" classname="API.API.DeleteMethod"/>
</testsuite> <!-- API.API.DeleteMethod -->
