<?xml version="1.0" encoding="UTF-8"?>
<!-- Generated by org.testng.reporters.JUnitReportReporter -->
<testsuite name="API.API.PremetiveAuthonication" tests="1" time="1.458" ignored="0" failures="0" timestamp="22 Feb 2020 04:20:22 GMT" skipped="0" hostname="del1-lmac-n01798.local" errors="0">
  <testcase name="authentication" time="1.458" classname="API.API.PremetiveAuthonication"/>
</testsuite> <!-- API.API.PremetiveAuthonication -->
