<?xml version="1.0" encoding="UTF-8"?>
<!-- Generated by org.testng.reporters.JUnitReportReporter -->
<testsuite skipped="0" hostname="DEL1-LHP-N65027" name="API.API.PUTMETHOD" tests="1" failures="0" timestamp="2019-09-28T13:41:55 IST" time="5.238" errors="0">
  <testcase name="test1" time="5.238" classname="API.API.PUTMETHOD"/>
</testsuite> <!-- API.API.PUTMETHOD -->
